<?xml version="1.0" encoding="UTF-8"?>
<!-- Generated by org.testng.reporters.JUnitReportReporter -->
<testsuite hostname="DESKTOP-0RJ7I3M" failures="0" tests="48" name="com.YahooMail.testCases.TC_Testing" time="40799.594" errors="1" timestamp="2021-07-01T01:15:59 IST" skipped="0">
  <testcase classname="com.YahooMail.testCases.TC_Testing" name="Tesing_new" time="510.248"/>
  <system-out/>
  <testcase classname="com.YahooMail.testCases.TC_Testing" name="Tesing_new" time="934.220"/>
  <system-out/>
  <testcase classname="com.YahooMail.testCases.TC_Testing" name="Tesing_new" time="947.854"/>
  <system-out/>
  <testcase classname="com.YahooMail.testCases.TC_Testing" name="Tesing_new" time="1012.951"/>
  <system-out/>
  <testcase classname="com.YahooMail.testCases.TC_Testing" name="Tesing_new" time="1273.196"/>
  <system-out/>
  <testcase classname="com.YahooMail.testCases.TC_Testing" name="Tesing_new" time="874.397"/>
  <system-out/>
  <testcase classname="com.YahooMail.testCases.TC_Testing" name="Tesing_new" time="785.690"/>
  <system-out/>
  <testcase classname="com.YahooMail.testCases.TC_Testing" name="Tesing_new" time="573.442"/>
  <system-out/>
  <testcase classname="com.YahooMail.testCases.TC_Testing" name="Tesing_new" time="781.851"/>
  <system-out/>
  <testcase classname="com.YahooMail.testCases.TC_Testing" name="Tesing_new" time="1138.913"/>
  <system-out/>
  <testcase classname="com.YahooMail.testCases.TC_Testing" name="Tesing_new" time="979.379"/>
  <system-out/>
  <testcase classname="com.YahooMail.testCases.TC_Testing" name="Tesing_new" time="1103.682"/>
  <system-out/>
  <testcase classname="com.YahooMail.testCases.TC_Testing" name="Tesing_new" time="801.240"/>
  <system-out/>
  <testcase classname="com.YahooMail.testCases.TC_Testing" name="Tesing_new" time="930.598"/>
  <system-out/>
  <testcase classname="com.YahooMail.testCases.TC_Testing" name="Tesing_new" time="758.414"/>
  <system-out/>
  <testcase classname="com.YahooMail.testCases.TC_Testing" name="Tesing_new" time="806.213"/>
  <system-out/>
  <testcase classname="com.YahooMail.testCases.TC_Testing" name="Tesing_new" time="1161.783"/>
  <system-out/>
  <testcase classname="com.YahooMail.testCases.TC_Testing" name="Tesing_new" time="956.096"/>
  <system-out/>
  <testcase classname="com.YahooMail.testCases.TC_Testing" name="Tesing_new" time="1050.546"/>
  <system-out/>
  <testcase classname="com.YahooMail.testCases.TC_Testing" name="Tesing_new" time="923.429"/>
  <system-out/>
  <testcase classname="com.YahooMail.testCases.TC_Testing" name="Tesing_new" time="1073.484"/>
  <system-out/>
  <testcase classname="com.YahooMail.testCases.TC_Testing" name="Tesing_new" time="151.243">
    <error message="Expected condition failed: waiting for element to be clickable: By.xpath: //span[contains(text(),&#039;Show images&#039;)] (tried for 30 second(s) with 500 milliseconds interval)" type="org.openqa.selenium.TimeoutException">
      <![CDATA[org.openqa.selenium.TimeoutException: Expected condition failed: waiting for element to be clickable: By.xpath: //span[contains(text(),'Show images')] (tried for 30 second(s) with 500 milliseconds interval)
at org.openqa.selenium.support.ui.WebDriverWait.timeoutException(WebDriverWait.java:138)
at org.openqa.selenium.support.ui.FluentWait.until(FluentWait.java:234)
at com.YahooMail.pageObjects.LoginMailPage.clickShowImage(LoginMailPage.java:148)
at com.YahooMail.testCases.TC_Testing.Tesing_new(TC_Testing.java:46)
at jdk.internal.reflect.GeneratedMethodAccessor6.invoke(Unknown Source)
at java.base/jdk.internal.reflect.DelegatingMethodAccessorImpl.invoke(DelegatingMethodAccessorImpl.java:43)
at java.base/java.lang.reflect.Method.invoke(Method.java:567)
at org.testng.internal.MethodInvocationHelper.invokeMethod(MethodInvocationHelper.java:134)
at org.testng.internal.TestInvoker.invokeMethod(TestInvoker.java:597)
at org.testng.internal.TestInvoker.invokeTestMethod(TestInvoker.java:173)
at org.testng.internal.MethodRunner.runInSequence(MethodRunner.java:46)
at org.testng.internal.TestInvoker$MethodInvocationAgent.invoke(TestInvoker.java:816)
at org.testng.internal.TestInvoker.invokeTestMethods(TestInvoker.java:146)
at org.testng.internal.TestMethodWorker.invokeTestMethods(TestMethodWorker.java:146)
at org.testng.internal.TestMethodWorker.run(TestMethodWorker.java:128)
at java.base/java.util.ArrayList.forEach(ArrayList.java:1511)
at org.testng.TestRunner.privateRun(TestRunner.java:766)
at org.testng.TestRunner.run(TestRunner.java:587)
at org.testng.SuiteRunner.runTest(SuiteRunner.java:384)
at org.testng.SuiteRunner.runSequentially(SuiteRunner.java:378)
at org.testng.SuiteRunner.privateRun(SuiteRunner.java:337)
at org.testng.SuiteRunner.run(SuiteRunner.java:286)
at org.testng.SuiteRunnerWorker.runSuite(SuiteRunnerWorker.java:53)
at org.testng.SuiteRunnerWorker.run(SuiteRunnerWorker.java:96)
at org.testng.TestNG.runSuitesSequentially(TestNG.java:1187)
at org.testng.TestNG.runSuitesLocally(TestNG.java:1109)
at org.testng.TestNG.runSuites(TestNG.java:1039)
at org.testng.TestNG.run(TestNG.java:1007)
at org.testng.remote.AbstractRemoteTestNG.run(AbstractRemoteTestNG.java:115)
at org.testng.remote.RemoteTestNG.initAndRun(RemoteTestNG.java:251)
at org.testng.remote.RemoteTestNG.main(RemoteTestNG.java:77)
Caused by: org.openqa.selenium.NoSuchElementException: no such element: Unable to locate element: {"method":"xpath","selector":"//span[contains(text(),'Show images')]"}
  (Session info: chrome=91.0.4472.124)
For documentation on this error, please visit: https://www.seleniumhq.org/exceptions/no_such_element.html
Build info: version: '4.0.0-alpha-3', revision: '8c567de6dc'
System info: host: 'DESKTOP-0RJ7I3M', ip: '10.133.0.6', os.name: 'Windows 10', os.arch: 'amd64', os.version: '10.0', java.version: '16.0.1'
Driver info: org.openqa.selenium.chrome.ChromeDriver
Capabilities {acceptInsecureCerts: false, browserName: chrome, browserVersion: 91.0.4472.124, chrome: {chromedriverVersion: 90.0.4430.24 (4c6d850f087da..., userDataDir: C:\Users\Vikas\AppData\Loca...}, goog:chromeOptions: {debuggerAddress: localhost:57446}, javascriptEnabled: true, networkConnectionEnabled: false, pageLoadStrategy: normal, platform: WINDOWS, platformName: WINDOWS, proxy: Proxy(), setWindowRect: true, strictFileInteractability: false, timeouts: {implicit: 0, pageLoad: 300000, script: 30000}, unhandledPromptBehavior: dismiss and notify, webauthn:extension:largeBlob: true, webauthn:virtualAuthenticators: true}
Session ID: e5bc53accd4463cb0a2fb841674cacc8
*** Element info: {Using=xpath, value=//span[contains(text(),'Show images')]}
at java.base/jdk.internal.reflect.NativeConstructorAccessorImpl.newInstance0(Native Method)
at java.base/jdk.internal.reflect.NativeConstructorAccessorImpl.newInstance(NativeConstructorAccessorImpl.java:78)
at java.base/jdk.internal.reflect.DelegatingConstructorAccessorImpl.newInstance(DelegatingConstructorAccessorImpl.java:45)
at java.base/java.lang.reflect.Constructor.newInstanceWithCaller(Constructor.java:499)
at java.base/java.lang.reflect.Constructor.newInstance(Constructor.java:480)
at org.openqa.selenium.remote.codec.w3c.W3CHttpResponseCodec.createException(W3CHttpResponseCodec.java:191)
at org.openqa.selenium.remote.codec.w3c.W3CHttpResponseCodec.decode(W3CHttpResponseCodec.java:125)
at org.openqa.selenium.remote.codec.w3c.W3CHttpResponseCodec.decode(W3CHttpResponseCodec.java:52)
at org.openqa.selenium.remote.HttpCommandExecutor.execute(HttpCommandExecutor.java:161)
at org.openqa.selenium.remote.service.DriverCommandExecutor.execute(DriverCommandExecutor.java:83)
at org.openqa.selenium.remote.RemoteWebDriver.execute(RemoteWebDriver.java:576)
at org.openqa.selenium.remote.RemoteWebDriver.findElement(RemoteWebDriver.java:327)
at org.openqa.selenium.remote.RemoteWebDriver.findElementByXPath(RemoteWebDriver.java:445)
at org.openqa.selenium.By$ByXPath.findElement(By.java:396)
at org.openqa.selenium.remote.RemoteWebDriver.findElement(RemoteWebDriver.java:319)
at org.openqa.selenium.support.ui.ExpectedConditions$7.apply(ExpectedConditions.java:205)
at org.openqa.selenium.support.ui.ExpectedConditions$7.apply(ExpectedConditions.java:201)
at org.openqa.selenium.support.ui.ExpectedConditions$22.apply(ExpectedConditions.java:641)
at org.openqa.selenium.support.ui.ExpectedConditions$22.apply(ExpectedConditions.java:638)
at org.openqa.selenium.support.ui.FluentWait.until(FluentWait.java:211)
... 29 more
]]>
    </error>
  </testcase> <!-- Tesing_new -->
  <system-out/>
  <testcase classname="com.YahooMail.testCases.TC_Testing" name="Tesing_new" time="895.377"/>
  <system-out/>
  <testcase classname="com.YahooMail.testCases.TC_Testing" name="Tesing_new" time="703.769"/>
  <system-out/>
  <testcase classname="com.YahooMail.testCases.TC_Testing" name="Tesing_new" time="1057.264"/>
  <system-out/>
  <testcase classname="com.YahooMail.testCases.TC_Testing" name="Tesing_new" time="519.361"/>
  <system-out/>
  <testcase classname="com.YahooMail.testCases.TC_Testing" name="Tesing_new" time="1029.579"/>
  <system-out/>
  <testcase classname="com.YahooMail.testCases.TC_Testing" name="Tesing_new" time="1068.526"/>
  <system-out/>
  <testcase classname="com.YahooMail.testCases.TC_Testing" name="Tesing_new" time="517.289"/>
  <system-out/>
  <testcase classname="com.YahooMail.testCases.TC_Testing" name="Tesing_new" time="323.232"/>
  <system-out/>
  <testcase classname="com.YahooMail.testCases.TC_Testing" name="Tesing_new" time="828.673"/>
  <system-out/>
  <testcase classname="com.YahooMail.testCases.TC_Testing" name="Tesing_new" time="884.968"/>
  <system-out/>
  <testcase classname="com.YahooMail.testCases.TC_Testing" name="Tesing_new" time="1008.067"/>
  <system-out/>
  <testcase classname="com.YahooMail.testCases.TC_Testing" name="Tesing_new" time="954.901"/>
  <system-out/>
  <testcase classname="com.YahooMail.testCases.TC_Testing" name="Tesing_new" time="748.812"/>
  <system-out/>
  <testcase classname="com.YahooMail.testCases.TC_Testing" name="Tesing_new" time="574.792"/>
  <system-out/>
  <testcase classname="com.YahooMail.testCases.TC_Testing" name="Tesing_new" time="1083.080"/>
  <system-out/>
  <testcase classname="com.YahooMail.testCases.TC_Testing" name="Tesing_new" time="1090.026"/>
  <system-out/>
  <testcase classname="com.YahooMail.testCases.TC_Testing" name="Tesing_new" time="718.144"/>
  <system-out/>
  <testcase classname="com.YahooMail.testCases.TC_Testing" name="Tesing_new" time="822.013"/>
  <system-out/>
  <testcase classname="com.YahooMail.testCases.TC_Testing" name="Tesing_new" time="639.024"/>
  <system-out/>
  <testcase classname="com.YahooMail.testCases.TC_Testing" name="Tesing_new" time="801.290"/>
  <system-out/>
  <testcase classname="com.YahooMail.testCases.TC_Testing" name="Tesing_new" time="684.415"/>
  <system-out/>
  <testcase classname="com.YahooMail.testCases.TC_Testing" name="Tesing_new" time="844.767"/>
  <system-out/>
  <testcase classname="com.YahooMail.testCases.TC_Testing" name="Tesing_new" time="738.925"/>
  <system-out/>
  <testcase classname="com.YahooMail.testCases.TC_Testing" name="Tesing_new" time="826.844"/>
  <system-out/>
  <testcase classname="com.YahooMail.testCases.TC_Testing" name="Tesing_new" time="1040.282"/>
  <system-out/>
  <testcase classname="com.YahooMail.testCases.TC_Testing" name="Tesing_new" time="867.306"/>
  <system-out/>
</testsuite> <!-- com.YahooMail.testCases.TC_Testing -->
